<?xml version="1.0" encoding="UTF-8"?>
<!-- Generated by org.testng.reporters.JUnitReportReporter -->
<testsuite hostname="IND-CHN-LT11154" failures="0" tests="1" name="healenium.amazontest" time="11.189" errors="0" timestamp="19 May 2022 10:32:38 GMT" skipped="0">
  <testcase classname="healenium.amazontest" name="amazonSignin" time="11.189"/>
</testsuite> <!-- healenium.amazontest -->
